<?xml version="1.0" encoding="UTF-8"?>
<!-- Generated by org.testng.reporters.JUnitXMLReporter -->
<testsuite hostname="LAPTOP-OTFJK5R0" ignored="0" name="Test" tests="3" failures="0" timestamp="12 Aug 2020 05:51:47 GMT" time="10.649" errors="0">
  <testcase name="checktitle" time="0.06" classname="com.Testcases.LoginTest"/>
  <testcase name="Login_details" time="7.671" classname="com.Testcases.LoginTest"/>
  <testcase name="logout" time="2.833" classname="com.Testcases.HomeTest"/>
</testsuite> <!-- Test -->
