<?xml version="1.0" encoding="UTF-8"?>
<testng-results skipped="0" failed="0" ignored="0" total="2" passed="2">
  <reporter-output>
  </reporter-output>
  <suite name="Suite" duration-ms="14149" started-at="2020-08-11T13:42:11Z" finished-at="2020-08-11T13:42:25Z">
    <groups>
    </groups>
    <test name="Test" duration-ms="14149" started-at="2020-08-11T13:42:11Z" finished-at="2020-08-11T13:42:25Z">
      <class name="com.Testcases.LoginTest">
        <test-method status="PASS" signature="Launch()[pri:0, instance:com.Testcases.LoginTest@6166e06f]" name="Launch" is-config="true" duration-ms="11507" started-at="2020-08-11T13:41:59Z" finished-at="2020-08-11T13:42:11Z">
          <reporter-output>
          </reporter-output>
        </test-method> <!-- Launch -->
        <test-method status="PASS" signature="checktitle()[pri:0, instance:com.Testcases.LoginTest@6166e06f]" name="checktitle" duration-ms="32" started-at="2020-08-11T13:42:11Z" finished-at="2020-08-11T13:42:11Z">
          <reporter-output>
          </reporter-output>
        </test-method> <!-- checktitle -->
        <test-method status="PASS" signature="Login_details()[pri:0, instance:com.Testcases.LoginTest@6166e06f]" name="Login_details" duration-ms="14077" started-at="2020-08-11T13:42:11Z" finished-at="2020-08-11T13:42:25Z">
          <reporter-output>
          </reporter-output>
        </test-method> <!-- Login_details -->
      </class> <!-- com.Testcases.LoginTest -->
    </test> <!-- Test -->
  </suite> <!-- Suite -->
</testng-results>
