<?xml version="1.0" encoding="UTF-8"?>
<testng-results skipped="0" failed="0" ignored="0" total="3" passed="3">
  <reporter-output>
  </reporter-output>
  <suite name="Suite" duration-ms="10649" started-at="2020-08-12T05:51:36Z" finished-at="2020-08-12T05:51:47Z">
    <groups>
    </groups>
    <test name="Test" duration-ms="10649" started-at="2020-08-12T05:51:36Z" finished-at="2020-08-12T05:51:47Z">
      <class name="com.Testcases.LoginTest">
        <test-method status="PASS" signature="Launch()[pri:0, instance:com.Testcases.LoginTest@2b546384]" name="Launch" is-config="true" duration-ms="10868" started-at="2020-08-12T05:51:25Z" finished-at="2020-08-12T05:51:36Z">
          <reporter-output>
          </reporter-output>
        </test-method> <!-- Launch -->
        <test-method status="PASS" signature="checktitle()[pri:0, instance:com.Testcases.LoginTest@2b546384]" name="checktitle" duration-ms="60" started-at="2020-08-12T05:51:36Z" finished-at="2020-08-12T05:51:36Z">
          <reporter-output>
          </reporter-output>
        </test-method> <!-- checktitle -->
        <test-method status="PASS" signature="Login_details()[pri:0, instance:com.Testcases.LoginTest@2b546384]" name="Login_details" duration-ms="7671" started-at="2020-08-12T05:51:36Z" finished-at="2020-08-12T05:51:44Z">
          <reporter-output>
          </reporter-output>
        </test-method> <!-- Login_details -->
      </class> <!-- com.Testcases.LoginTest -->
      <class name="com.Testcases.HomeTest">
        <test-method status="PASS" signature="demo()[pri:0, instance:com.Testcases.HomeTest@5d740a0f]" name="demo" is-config="true" duration-ms="4" started-at="2020-08-12T05:51:44Z" finished-at="2020-08-12T05:51:44Z">
          <reporter-output>
          </reporter-output>
        </test-method> <!-- demo -->
        <test-method status="PASS" signature="logout()[pri:0, instance:com.Testcases.HomeTest@5d740a0f]" name="logout" duration-ms="2833" started-at="2020-08-12T05:51:44Z" finished-at="2020-08-12T05:51:47Z">
          <reporter-output>
          </reporter-output>
        </test-method> <!-- logout -->
      </class> <!-- com.Testcases.HomeTest -->
    </test> <!-- Test -->
  </suite> <!-- Suite -->
</testng-results>
